2024-05-18T14:12:27+00:00 ERROR FeaturesUtil::declare_compatibility: C:\xampp\htdocs\lojaxp\wp-content\plugins\google-listings-and-ads\google-listings-and-ads.php is not a known WordPress plugin.
2024-05-18T14:12:27+00:00 ERROR FeaturesUtil::declare_compatibility: C:\xampp\htdocs\lojaxp\wp-content\plugins\google-listings-and-ads\google-listings-and-ads.php is not a known WordPress plugin.
2024-05-18T14:12:27+00:00 ERROR FeaturesUtil::declare_compatibility: C:\xampp\htdocs\lojaxp\wp-content\plugins\google-listings-and-ads\google-listings-and-ads.php is not a known WordPress plugin.
2024-05-18T14:12:27+00:00 ERROR FeaturesUtil::declare_compatibility: C:\xampp\htdocs\lojaxp\wp-content\plugins\mailchimp-for-woocommerce\mailchimp-woocommerce.php is not a known WordPress plugin.
2024-05-18T14:12:27+00:00 ERROR FeaturesUtil::declare_compatibility: C:\xampp\htdocs\lojaxp\wp-content\plugins\mailchimp-for-woocommerce\mailchimp-woocommerce.php is not a known WordPress plugin.
2024-05-18T14:12:27+00:00 ERROR FeaturesUtil::declare_compatibility: C:\xampp\htdocs\lojaxp\wp-content\plugins\mailchimp-for-woocommerce\mailchimp-woocommerce.php is not a known WordPress plugin.
2024-05-18T14:12:27+00:00 ERROR FeaturesUtil::declare_compatibility: pinterest-for-woocommerce/pinterest-for-woocommerce.php is not a known WordPress plugin.
2024-05-18T14:12:27+00:00 ERROR FeaturesUtil::declare_compatibility: pinterest-for-woocommerce/pinterest-for-woocommerce.php is not a known WordPress plugin.
2024-05-18T14:12:27+00:00 ERROR FeaturesUtil::declare_compatibility: C:\xampp\htdocs\lojaxp\wp-content\plugins\tiktok-for-business\tiktok-for-woocommerce.php is not a known WordPress plugin.
2024-05-18T14:12:27+00:00 ERROR FeaturesUtil::declare_compatibility: woocommerce-correios/woocommerce-correios.php is not a known WordPress plugin.
2024-05-18T14:12:27+00:00 ERROR FeaturesUtil::declare_compatibility: woocommerce-extra-checkout-fields-for-brazil/woocommerce-extra-checkout-fields-for-brazil.php is not a known WordPress plugin.
2024-05-18T14:12:28+00:00 ERROR FeaturesUtil::declare_compatibility: C:\xampp\htdocs\lojaxp\wp-content\plugins\google-listings-and-ads\google-listings-and-ads.php is not a known WordPress plugin.
2024-05-18T14:12:28+00:00 ERROR FeaturesUtil::declare_compatibility: C:\xampp\htdocs\lojaxp\wp-content\plugins\google-listings-and-ads\google-listings-and-ads.php is not a known WordPress plugin.
2024-05-18T14:12:28+00:00 ERROR FeaturesUtil::declare_compatibility: C:\xampp\htdocs\lojaxp\wp-content\plugins\google-listings-and-ads\google-listings-and-ads.php is not a known WordPress plugin.
2024-05-18T14:12:28+00:00 ERROR FeaturesUtil::declare_compatibility: C:\xampp\htdocs\lojaxp\wp-content\plugins\mailchimp-for-woocommerce\mailchimp-woocommerce.php is not a known WordPress plugin.
2024-05-18T14:12:28+00:00 ERROR FeaturesUtil::declare_compatibility: C:\xampp\htdocs\lojaxp\wp-content\plugins\mailchimp-for-woocommerce\mailchimp-woocommerce.php is not a known WordPress plugin.
2024-05-18T14:12:28+00:00 ERROR FeaturesUtil::declare_compatibility: C:\xampp\htdocs\lojaxp\wp-content\plugins\mailchimp-for-woocommerce\mailchimp-woocommerce.php is not a known WordPress plugin.
2024-05-18T14:12:28+00:00 ERROR FeaturesUtil::declare_compatibility: pinterest-for-woocommerce/pinterest-for-woocommerce.php is not a known WordPress plugin.
2024-05-18T14:12:28+00:00 ERROR FeaturesUtil::declare_compatibility: pinterest-for-woocommerce/pinterest-for-woocommerce.php is not a known WordPress plugin.
2024-05-18T14:12:28+00:00 ERROR FeaturesUtil::declare_compatibility: C:\xampp\htdocs\lojaxp\wp-content\plugins\tiktok-for-business\tiktok-for-woocommerce.php is not a known WordPress plugin.
2024-05-18T14:12:28+00:00 ERROR FeaturesUtil::declare_compatibility: woocommerce-correios/woocommerce-correios.php is not a known WordPress plugin.
2024-05-18T14:12:28+00:00 ERROR FeaturesUtil::declare_compatibility: woocommerce-extra-checkout-fields-for-brazil/woocommerce-extra-checkout-fields-for-brazil.php is not a known WordPress plugin.
2024-05-18T14:12:30+00:00 ERROR FeaturesUtil::declare_compatibility: C:\xampp\htdocs\lojaxp\wp-content\plugins\google-listings-and-ads\google-listings-and-ads.php is not a known WordPress plugin.
2024-05-18T14:12:30+00:00 ERROR FeaturesUtil::declare_compatibility: C:\xampp\htdocs\lojaxp\wp-content\plugins\google-listings-and-ads\google-listings-and-ads.php is not a known WordPress plugin.
2024-05-18T14:12:30+00:00 ERROR FeaturesUtil::declare_compatibility: C:\xampp\htdocs\lojaxp\wp-content\plugins\google-listings-and-ads\google-listings-and-ads.php is not a known WordPress plugin.
2024-05-18T14:12:30+00:00 ERROR FeaturesUtil::declare_compatibility: C:\xampp\htdocs\lojaxp\wp-content\plugins\mailchimp-for-woocommerce\mailchimp-woocommerce.php is not a known WordPress plugin.
2024-05-18T14:12:30+00:00 ERROR FeaturesUtil::declare_compatibility: C:\xampp\htdocs\lojaxp\wp-content\plugins\mailchimp-for-woocommerce\mailchimp-woocommerce.php is not a known WordPress plugin.
2024-05-18T14:12:30+00:00 ERROR FeaturesUtil::declare_compatibility: C:\xampp\htdocs\lojaxp\wp-content\plugins\mailchimp-for-woocommerce\mailchimp-woocommerce.php is not a known WordPress plugin.
2024-05-18T14:12:30+00:00 ERROR FeaturesUtil::declare_compatibility: pinterest-for-woocommerce/pinterest-for-woocommerce.php is not a known WordPress plugin.
2024-05-18T14:12:30+00:00 ERROR FeaturesUtil::declare_compatibility: pinterest-for-woocommerce/pinterest-for-woocommerce.php is not a known WordPress plugin.
2024-05-18T14:12:30+00:00 ERROR FeaturesUtil::declare_compatibility: C:\xampp\htdocs\lojaxp\wp-content\plugins\tiktok-for-business\tiktok-for-woocommerce.php is not a known WordPress plugin.
2024-05-18T14:12:30+00:00 ERROR FeaturesUtil::declare_compatibility: C:\xampp\htdocs\lojaxp\wp-content\plugins\google-listings-and-ads\google-listings-and-ads.php is not a known WordPress plugin.
2024-05-18T14:12:30+00:00 ERROR FeaturesUtil::declare_compatibility: woocommerce-correios/woocommerce-correios.php is not a known WordPress plugin.
2024-05-18T14:12:30+00:00 ERROR FeaturesUtil::declare_compatibility: C:\xampp\htdocs\lojaxp\wp-content\plugins\google-listings-and-ads\google-listings-and-ads.php is not a known WordPress plugin.
2024-05-18T14:12:30+00:00 ERROR FeaturesUtil::declare_compatibility: woocommerce-extra-checkout-fields-for-brazil/woocommerce-extra-checkout-fields-for-brazil.php is not a known WordPress plugin.
2024-05-18T14:12:30+00:00 ERROR FeaturesUtil::declare_compatibility: C:\xampp\htdocs\lojaxp\wp-content\plugins\google-listings-and-ads\google-listings-and-ads.php is not a known WordPress plugin.
2024-05-18T14:12:30+00:00 ERROR FeaturesUtil::declare_compatibility: C:\xampp\htdocs\lojaxp\wp-content\plugins\mailchimp-for-woocommerce\mailchimp-woocommerce.php is not a known WordPress plugin.
2024-05-18T14:12:30+00:00 ERROR FeaturesUtil::declare_compatibility: C:\xampp\htdocs\lojaxp\wp-content\plugins\mailchimp-for-woocommerce\mailchimp-woocommerce.php is not a known WordPress plugin.
2024-05-18T14:12:30+00:00 ERROR FeaturesUtil::declare_compatibility: C:\xampp\htdocs\lojaxp\wp-content\plugins\mailchimp-for-woocommerce\mailchimp-woocommerce.php is not a known WordPress plugin.
2024-05-18T14:12:30+00:00 ERROR FeaturesUtil::declare_compatibility: pinterest-for-woocommerce/pinterest-for-woocommerce.php is not a known WordPress plugin.
2024-05-18T14:12:30+00:00 ERROR FeaturesUtil::declare_compatibility: pinterest-for-woocommerce/pinterest-for-woocommerce.php is not a known WordPress plugin.
2024-05-18T14:12:30+00:00 ERROR FeaturesUtil::declare_compatibility: C:\xampp\htdocs\lojaxp\wp-content\plugins\tiktok-for-business\tiktok-for-woocommerce.php is not a known WordPress plugin.
2024-05-18T14:12:30+00:00 ERROR FeaturesUtil::declare_compatibility: woocommerce-correios/woocommerce-correios.php is not a known WordPress plugin.
2024-05-18T14:12:30+00:00 ERROR FeaturesUtil::declare_compatibility: woocommerce-extra-checkout-fields-for-brazil/woocommerce-extra-checkout-fields-for-brazil.php is not a known WordPress plugin.
2024-05-18T14:12:33+00:00 ERROR FeaturesUtil::declare_compatibility: C:\xampp\htdocs\lojaxp\wp-content\plugins\google-listings-and-ads\google-listings-and-ads.php is not a known WordPress plugin.
2024-05-18T14:12:33+00:00 ERROR FeaturesUtil::declare_compatibility: C:\xampp\htdocs\lojaxp\wp-content\plugins\google-listings-and-ads\google-listings-and-ads.php is not a known WordPress plugin.
2024-05-18T14:12:33+00:00 ERROR FeaturesUtil::declare_compatibility: C:\xampp\htdocs\lojaxp\wp-content\plugins\google-listings-and-ads\google-listings-and-ads.php is not a known WordPress plugin.
2024-05-18T14:12:33+00:00 ERROR FeaturesUtil::declare_compatibility: C:\xampp\htdocs\lojaxp\wp-content\plugins\mailchimp-for-woocommerce\mailchimp-woocommerce.php is not a known WordPress plugin.
2024-05-18T14:12:33+00:00 ERROR FeaturesUtil::declare_compatibility: C:\xampp\htdocs\lojaxp\wp-content\plugins\mailchimp-for-woocommerce\mailchimp-woocommerce.php is not a known WordPress plugin.
2024-05-18T14:12:33+00:00 ERROR FeaturesUtil::declare_compatibility: C:\xampp\htdocs\lojaxp\wp-content\plugins\mailchimp-for-woocommerce\mailchimp-woocommerce.php is not a known WordPress plugin.
2024-05-18T14:12:33+00:00 ERROR FeaturesUtil::declare_compatibility: pinterest-for-woocommerce/pinterest-for-woocommerce.php is not a known WordPress plugin.
2024-05-18T14:12:33+00:00 ERROR FeaturesUtil::declare_compatibility: pinterest-for-woocommerce/pinterest-for-woocommerce.php is not a known WordPress plugin.
2024-05-18T14:12:33+00:00 ERROR FeaturesUtil::declare_compatibility: C:\xampp\htdocs\lojaxp\wp-content\plugins\tiktok-for-business\tiktok-for-woocommerce.php is not a known WordPress plugin.
2024-05-18T14:12:33+00:00 ERROR FeaturesUtil::declare_compatibility: woocommerce-correios/woocommerce-correios.php is not a known WordPress plugin.
2024-05-18T14:12:33+00:00 ERROR FeaturesUtil::declare_compatibility: woocommerce-extra-checkout-fields-for-brazil/woocommerce-extra-checkout-fields-for-brazil.php is not a known WordPress plugin.
2024-05-18T14:12:33+00:00 ERROR FeaturesUtil::declare_compatibility: C:\xampp\htdocs\lojaxp\wp-content\plugins\google-listings-and-ads\google-listings-and-ads.php is not a known WordPress plugin.
2024-05-18T14:12:33+00:00 ERROR FeaturesUtil::declare_compatibility: C:\xampp\htdocs\lojaxp\wp-content\plugins\google-listings-and-ads\google-listings-and-ads.php is not a known WordPress plugin.
2024-05-18T14:12:33+00:00 ERROR FeaturesUtil::declare_compatibility: C:\xampp\htdocs\lojaxp\wp-content\plugins\google-listings-and-ads\google-listings-and-ads.php is not a known WordPress plugin.
2024-05-18T14:12:33+00:00 ERROR FeaturesUtil::declare_compatibility: C:\xampp\htdocs\lojaxp\wp-content\plugins\mailchimp-for-woocommerce\mailchimp-woocommerce.php is not a known WordPress plugin.
2024-05-18T14:12:33+00:00 ERROR FeaturesUtil::declare_compatibility: C:\xampp\htdocs\lojaxp\wp-content\plugins\mailchimp-for-woocommerce\mailchimp-woocommerce.php is not a known WordPress plugin.
2024-05-18T14:12:33+00:00 ERROR FeaturesUtil::declare_compatibility: C:\xampp\htdocs\lojaxp\wp-content\plugins\mailchimp-for-woocommerce\mailchimp-woocommerce.php is not a known WordPress plugin.
2024-05-18T14:12:33+00:00 ERROR FeaturesUtil::declare_compatibility: pinterest-for-woocommerce/pinterest-for-woocommerce.php is not a known WordPress plugin.
2024-05-18T14:12:33+00:00 ERROR FeaturesUtil::declare_compatibility: pinterest-for-woocommerce/pinterest-for-woocommerce.php is not a known WordPress plugin.
2024-05-18T14:12:33+00:00 ERROR FeaturesUtil::declare_compatibility: C:\xampp\htdocs\lojaxp\wp-content\plugins\tiktok-for-business\tiktok-for-woocommerce.php is not a known WordPress plugin.
2024-05-18T14:12:33+00:00 ERROR FeaturesUtil::declare_compatibility: woocommerce-correios/woocommerce-correios.php is not a known WordPress plugin.
2024-05-18T14:12:33+00:00 ERROR FeaturesUtil::declare_compatibility: woocommerce-extra-checkout-fields-for-brazil/woocommerce-extra-checkout-fields-for-brazil.php is not a known WordPress plugin.
2024-05-18T14:12:33+00:00 ERROR FeaturesUtil::declare_compatibility: C:\xampp\htdocs\lojaxp\wp-content\plugins\google-listings-and-ads\google-listings-and-ads.php is not a known WordPress plugin.
2024-05-18T14:12:33+00:00 ERROR FeaturesUtil::declare_compatibility: C:\xampp\htdocs\lojaxp\wp-content\plugins\google-listings-and-ads\google-listings-and-ads.php is not a known WordPress plugin.
2024-05-18T14:12:33+00:00 ERROR FeaturesUtil::declare_compatibility: C:\xampp\htdocs\lojaxp\wp-content\plugins\google-listings-and-ads\google-listings-and-ads.php is not a known WordPress plugin.
2024-05-18T14:12:33+00:00 ERROR FeaturesUtil::declare_compatibility: C:\xampp\htdocs\lojaxp\wp-content\plugins\mailchimp-for-woocommerce\mailchimp-woocommerce.php is not a known WordPress plugin.
2024-05-18T14:12:33+00:00 ERROR FeaturesUtil::declare_compatibility: C:\xampp\htdocs\lojaxp\wp-content\plugins\mailchimp-for-woocommerce\mailchimp-woocommerce.php is not a known WordPress plugin.
2024-05-18T14:12:33+00:00 ERROR FeaturesUtil::declare_compatibility: C:\xampp\htdocs\lojaxp\wp-content\plugins\mailchimp-for-woocommerce\mailchimp-woocommerce.php is not a known WordPress plugin.
2024-05-18T14:12:33+00:00 ERROR FeaturesUtil::declare_compatibility: pinterest-for-woocommerce/pinterest-for-woocommerce.php is not a known WordPress plugin.
2024-05-18T14:12:33+00:00 ERROR FeaturesUtil::declare_compatibility: pinterest-for-woocommerce/pinterest-for-woocommerce.php is not a known WordPress plugin.
2024-05-18T14:12:33+00:00 ERROR FeaturesUtil::declare_compatibility: C:\xampp\htdocs\lojaxp\wp-content\plugins\tiktok-for-business\tiktok-for-woocommerce.php is not a known WordPress plugin.
2024-05-18T14:12:33+00:00 ERROR FeaturesUtil::declare_compatibility: woocommerce-correios/woocommerce-correios.php is not a known WordPress plugin.
2024-05-18T14:12:33+00:00 ERROR FeaturesUtil::declare_compatibility: woocommerce-extra-checkout-fields-for-brazil/woocommerce-extra-checkout-fields-for-brazil.php is not a known WordPress plugin.
2024-05-18T14:12:33+00:00 ERROR FeaturesUtil::declare_compatibility: C:\xampp\htdocs\lojaxp\wp-content\plugins\google-listings-and-ads\google-listings-and-ads.php is not a known WordPress plugin.
2024-05-18T14:12:33+00:00 ERROR FeaturesUtil::declare_compatibility: C:\xampp\htdocs\lojaxp\wp-content\plugins\google-listings-and-ads\google-listings-and-ads.php is not a known WordPress plugin.
2024-05-18T14:12:33+00:00 ERROR FeaturesUtil::declare_compatibility: C:\xampp\htdocs\lojaxp\wp-content\plugins\google-listings-and-ads\google-listings-and-ads.php is not a known WordPress plugin.
2024-05-18T14:12:33+00:00 ERROR FeaturesUtil::declare_compatibility: C:\xampp\htdocs\lojaxp\wp-content\plugins\mailchimp-for-woocommerce\mailchimp-woocommerce.php is not a known WordPress plugin.
2024-05-18T14:12:33+00:00 ERROR FeaturesUtil::declare_compatibility: C:\xampp\htdocs\lojaxp\wp-content\plugins\mailchimp-for-woocommerce\mailchimp-woocommerce.php is not a known WordPress plugin.
2024-05-18T14:12:33+00:00 ERROR FeaturesUtil::declare_compatibility: C:\xampp\htdocs\lojaxp\wp-content\plugins\mailchimp-for-woocommerce\mailchimp-woocommerce.php is not a known WordPress plugin.
2024-05-18T14:12:33+00:00 ERROR FeaturesUtil::declare_compatibility: pinterest-for-woocommerce/pinterest-for-woocommerce.php is not a known WordPress plugin.
2024-05-18T14:12:33+00:00 ERROR FeaturesUtil::declare_compatibility: pinterest-for-woocommerce/pinterest-for-woocommerce.php is not a known WordPress plugin.
2024-05-18T14:12:33+00:00 ERROR FeaturesUtil::declare_compatibility: C:\xampp\htdocs\lojaxp\wp-content\plugins\tiktok-for-business\tiktok-for-woocommerce.php is not a known WordPress plugin.
2024-05-18T14:12:33+00:00 ERROR FeaturesUtil::declare_compatibility: woocommerce-correios/woocommerce-correios.php is not a known WordPress plugin.
2024-05-18T14:12:33+00:00 ERROR FeaturesUtil::declare_compatibility: woocommerce-extra-checkout-fields-for-brazil/woocommerce-extra-checkout-fields-for-brazil.php is not a known WordPress plugin.
2024-05-18T14:12:33+00:00 ERROR FeaturesUtil::declare_compatibility: C:\xampp\htdocs\lojaxp\wp-content\plugins\google-listings-and-ads\google-listings-and-ads.php is not a known WordPress plugin.
2024-05-18T14:12:33+00:00 ERROR FeaturesUtil::declare_compatibility: C:\xampp\htdocs\lojaxp\wp-content\plugins\google-listings-and-ads\google-listings-and-ads.php is not a known WordPress plugin.
2024-05-18T14:12:33+00:00 ERROR FeaturesUtil::declare_compatibility: C:\xampp\htdocs\lojaxp\wp-content\plugins\google-listings-and-ads\google-listings-and-ads.php is not a known WordPress plugin.
2024-05-18T14:12:33+00:00 ERROR FeaturesUtil::declare_compatibility: C:\xampp\htdocs\lojaxp\wp-content\plugins\mailchimp-for-woocommerce\mailchimp-woocommerce.php is not a known WordPress plugin.
2024-05-18T14:12:33+00:00 ERROR FeaturesUtil::declare_compatibility: C:\xampp\htdocs\lojaxp\wp-content\plugins\mailchimp-for-woocommerce\mailchimp-woocommerce.php is not a known WordPress plugin.
2024-05-18T14:12:33+00:00 ERROR FeaturesUtil::declare_compatibility: C:\xampp\htdocs\lojaxp\wp-content\plugins\mailchimp-for-woocommerce\mailchimp-woocommerce.php is not a known WordPress plugin.
2024-05-18T14:12:33+00:00 ERROR FeaturesUtil::declare_compatibility: pinterest-for-woocommerce/pinterest-for-woocommerce.php is not a known WordPress plugin.
2024-05-18T14:12:33+00:00 ERROR FeaturesUtil::declare_compatibility: pinterest-for-woocommerce/pinterest-for-woocommerce.php is not a known WordPress plugin.
2024-05-18T14:12:33+00:00 ERROR FeaturesUtil::declare_compatibility: C:\xampp\htdocs\lojaxp\wp-content\plugins\tiktok-for-business\tiktok-for-woocommerce.php is not a known WordPress plugin.
2024-05-18T14:12:33+00:00 ERROR FeaturesUtil::declare_compatibility: woocommerce-correios/woocommerce-correios.php is not a known WordPress plugin.
2024-05-18T14:12:33+00:00 ERROR FeaturesUtil::declare_compatibility: woocommerce-extra-checkout-fields-for-brazil/woocommerce-extra-checkout-fields-for-brazil.php is not a known WordPress plugin.
2024-05-18T14:12:35+00:00 ERROR FeaturesUtil::declare_compatibility: C:\xampp\htdocs\lojaxp\wp-content\plugins\google-listings-and-ads\google-listings-and-ads.php is not a known WordPress plugin.
2024-05-18T14:12:35+00:00 ERROR FeaturesUtil::declare_compatibility: C:\xampp\htdocs\lojaxp\wp-content\plugins\google-listings-and-ads\google-listings-and-ads.php is not a known WordPress plugin.
2024-05-18T14:12:35+00:00 ERROR FeaturesUtil::declare_compatibility: C:\xampp\htdocs\lojaxp\wp-content\plugins\google-listings-and-ads\google-listings-and-ads.php is not a known WordPress plugin.
2024-05-18T14:12:35+00:00 ERROR FeaturesUtil::declare_compatibility: C:\xampp\htdocs\lojaxp\wp-content\plugins\mailchimp-for-woocommerce\mailchimp-woocommerce.php is not a known WordPress plugin.
2024-05-18T14:12:35+00:00 ERROR FeaturesUtil::declare_compatibility: C:\xampp\htdocs\lojaxp\wp-content\plugins\mailchimp-for-woocommerce\mailchimp-woocommerce.php is not a known WordPress plugin.
2024-05-18T14:12:35+00:00 ERROR FeaturesUtil::declare_compatibility: C:\xampp\htdocs\lojaxp\wp-content\plugins\mailchimp-for-woocommerce\mailchimp-woocommerce.php is not a known WordPress plugin.
2024-05-18T14:12:35+00:00 ERROR FeaturesUtil::declare_compatibility: pinterest-for-woocommerce/pinterest-for-woocommerce.php is not a known WordPress plugin.
2024-05-18T14:12:35+00:00 ERROR FeaturesUtil::declare_compatibility: pinterest-for-woocommerce/pinterest-for-woocommerce.php is not a known WordPress plugin.
2024-05-18T14:12:35+00:00 ERROR FeaturesUtil::declare_compatibility: C:\xampp\htdocs\lojaxp\wp-content\plugins\tiktok-for-business\tiktok-for-woocommerce.php is not a known WordPress plugin.
2024-05-18T14:12:35+00:00 ERROR FeaturesUtil::declare_compatibility: woocommerce-correios/woocommerce-correios.php is not a known WordPress plugin.
2024-05-18T14:12:35+00:00 ERROR FeaturesUtil::declare_compatibility: woocommerce-extra-checkout-fields-for-brazil/woocommerce-extra-checkout-fields-for-brazil.php is not a known WordPress plugin.
2024-05-18T14:12:47+00:00 ERROR FeaturesUtil::declare_compatibility: C:\xampp\htdocs\lojaxp\wp-content\plugins\google-listings-and-ads\google-listings-and-ads.php is not a known WordPress plugin.
2024-05-18T14:12:47+00:00 ERROR FeaturesUtil::declare_compatibility: C:\xampp\htdocs\lojaxp\wp-content\plugins\google-listings-and-ads\google-listings-and-ads.php is not a known WordPress plugin.
2024-05-18T14:12:47+00:00 ERROR FeaturesUtil::declare_compatibility: C:\xampp\htdocs\lojaxp\wp-content\plugins\google-listings-and-ads\google-listings-and-ads.php is not a known WordPress plugin.
2024-05-18T14:12:47+00:00 ERROR FeaturesUtil::declare_compatibility: C:\xampp\htdocs\lojaxp\wp-content\plugins\mailchimp-for-woocommerce\mailchimp-woocommerce.php is not a known WordPress plugin.
2024-05-18T14:12:47+00:00 ERROR FeaturesUtil::declare_compatibility: C:\xampp\htdocs\lojaxp\wp-content\plugins\mailchimp-for-woocommerce\mailchimp-woocommerce.php is not a known WordPress plugin.
2024-05-18T14:12:47+00:00 ERROR FeaturesUtil::declare_compatibility: C:\xampp\htdocs\lojaxp\wp-content\plugins\mailchimp-for-woocommerce\mailchimp-woocommerce.php is not a known WordPress plugin.
2024-05-18T14:12:47+00:00 ERROR FeaturesUtil::declare_compatibility: pinterest-for-woocommerce/pinterest-for-woocommerce.php is not a known WordPress plugin.
2024-05-18T14:12:47+00:00 ERROR FeaturesUtil::declare_compatibility: pinterest-for-woocommerce/pinterest-for-woocommerce.php is not a known WordPress plugin.
2024-05-18T14:12:47+00:00 ERROR FeaturesUtil::declare_compatibility: C:\xampp\htdocs\lojaxp\wp-content\plugins\tiktok-for-business\tiktok-for-woocommerce.php is not a known WordPress plugin.
2024-05-18T14:12:47+00:00 ERROR FeaturesUtil::declare_compatibility: woocommerce-correios/woocommerce-correios.php is not a known WordPress plugin.
2024-05-18T14:12:47+00:00 ERROR FeaturesUtil::declare_compatibility: woocommerce-extra-checkout-fields-for-brazil/woocommerce-extra-checkout-fields-for-brazil.php is not a known WordPress plugin.
2024-05-18T22:59:39+00:00 INFO Payment gateway enabled: "Transferência bancária"
2024-05-18T22:59:43+00:00 INFO Payment gateway enabled: "Cheque"
2024-05-18T22:59:45+00:00 INFO Payment gateway enabled: "Pagamento na entrega"
2024-05-18T22:59:49+00:00 INFO Payment gateway enabled: "Pagamento na entrega"
2024-05-18T23:09:28+00:00 INFO Payment gateway enabled: "Transferência bancária"
